<?xml version="1.0" encoding="UTF-8"?>
<!-- Generated by org.testng.reporters.JUnitReportReporter -->
<testsuite hostname="Rishis-MacBook-Pro.local" failures="0" tests="1" name="practice1.PostRequest" time="10.158" errors="0" timestamp="2022-09-30T11:34:26 PDT" skipped="0">
  <testcase classname="practice1.PostRequest" name="testRun" time="10.158"/>
  <system-out/>
</testsuite> <!-- practice1.PostRequest -->
